[0.018s] Invoking command in '/home/linux/ros2_ws/src/build/camera2-1': CMAKE_PREFIX_PATH=${CMAKE_PREFIX_PATH}:/opt/ros/foxy /usr/bin/cmake /home/linux/ros2_ws/src/camera2-1 -DAMENT_CMAKE_SYMLINK_INSTALL=1 -DCMAKE_INSTALL_PREFIX=/home/linux/ros2_ws/src/install/camera2-1
[0.395s] -- The C compiler identification is GNU 9.4.0
[0.700s] -- The CXX compiler identification is GNU 9.4.0
[0.788s] -- Check for working C compiler: /usr/bin/cc
[0.932s] -- Check for working C compiler: /usr/bin/cc -- works
[0.933s] -- Detecting C compiler ABI info
[1.047s] -- Detecting C compiler ABI info - done
[1.056s] -- Detecting C compile features
[1.057s] -- Detecting C compile features - done
[1.060s] -- Check for working CXX compiler: /usr/bin/c++
[1.206s] -- Check for working CXX compiler: /usr/bin/c++ -- works
[1.207s] -- Detecting CXX compiler ABI info
[1.329s] -- Detecting CXX compiler ABI info - done
[1.338s] -- Detecting CXX compile features
[1.338s] -- Detecting CXX compile features - done
[1.364s] -- Found ament_cmake: 0.9.12 (/opt/ros/foxy/share/ament_cmake/cmake)
[1.389s] -- Found PythonInterp: /usr/bin/python3 (found suitable version "3.8.10", minimum required is "3") 
[1.389s] -- Using PYTHON_EXECUTABLE: /usr/bin/python3
[1.545s] -- Override CMake install command with custom implementation using symlinks instead of copying resources
[1.582s] -- Found rclcpp: 2.4.3 (/opt/ros/foxy/share/rclcpp/cmake)
[1.751s] -- Using all available rosidl_typesupport_c: rosidl_typesupport_fastrtps_c;rosidl_typesupport_introspection_c
[1.761s] -- Found rosidl_adapter: 1.3.1 (/opt/ros/foxy/share/rosidl_adapter/cmake)
[2.279s] Invoked command in '/home/linux/ros2_ws/src/build/camera2-1' returned '-2': CMAKE_PREFIX_PATH=${CMAKE_PREFIX_PATH}:/opt/ros/foxy /usr/bin/cmake /home/linux/ros2_ws/src/camera2-1 -DAMENT_CMAKE_SYMLINK_INSTALL=1 -DCMAKE_INSTALL_PREFIX=/home/linux/ros2_ws/src/install/camera2-1
